[0m13:14:59.313853 [debug] [MainThread]: Sending event: {'category': 'dbt', 'action': 'invocation', 'label': 'start', 'context': [<snowplow_tracker.self_describing_json.SelfDescribingJson object at 0x000002681E502A90>, <snowplow_tracker.self_describing_json.SelfDescribingJson object at 0x00000268237D3210>, <snowplow_tracker.self_describing_json.SelfDescribingJson object at 0x000002682383B410>]}


============================== 13:14:59.351951 | 5204a4ce-01aa-4a32-8107-84176c328f8e ==============================
[0m13:14:59.351951 [info ] [MainThread]: Running with dbt=1.10.11
[0m13:14:59.358575 [debug] [MainThread]: running dbt with arguments {'partial_parse': 'True', 'warn_error_options': 'WarnErrorOptionsV2(error=[], warn=[], silence=[])', 'send_anonymous_usage_stats': 'True', 'version_check': 'True', 'cache_selected_only': 'False', 'target_path': 'None', 'use_colors': 'True', 'invocation_command': 'dbt init pga_dbt', 'log_format': 'default', 'warn_error': 'None', 'introspect': 'True', 'debug': 'False', 'log_cache_events': 'False', 'fail_fast': 'False', 'no_print': 'None', 'use_experimental_parser': 'False', 'empty': 'None', 'printer_width': '80', 'quiet': 'False', 'log_path': 'logs', 'indirect_selection': 'eager', 'write_json': 'True', 'static_parser': 'True', 'profiles_dir': 'C:\\Users\\mrice\\.dbt'}
[0m13:15:00.060819 [info ] [MainThread]: Creating dbt configuration folder at C:\Users\mrice\.dbt
[0m13:15:00.088543 [debug] [MainThread]: Starter project path: C:\Users\mrice\OneDrive\Documents\Data Science - Callum\Projects\Data Projects\pga_data_elt_pipeline\venv\Lib\site-packages\dbt\include\starter_project
[0m13:15:00.293739 [info ] [MainThread]: 
Your new dbt project "pga_dbt" was created!

For more information on how to configure the profiles.yml file,
please consult the dbt documentation here:

  https://docs.getdbt.com/docs/configure-your-profile

One more thing:

Need help? Don't hesitate to reach out to us via GitHub issues or on Slack:

  https://community.getdbt.com/

Happy modeling!

[0m13:15:00.294750 [info ] [MainThread]: Setting up your profile.
[0m13:25:02.132373 [info ] [MainThread]: Profile pga_dbt written to C:\Users\mrice\.dbt\profiles.yml using target's profile_template.yml and your supplied values. Run 'dbt debug' to validate the connection.
[0m13:25:02.145167 [debug] [MainThread]: Command `dbt init` succeeded at 13:25:02.145167 after 603.17 seconds
[0m13:25:02.148108 [debug] [MainThread]: Sending event: {'category': 'dbt', 'action': 'invocation', 'label': 'end', 'context': [<snowplow_tracker.self_describing_json.SelfDescribingJson object at 0x0000026823842410>, <snowplow_tracker.self_describing_json.SelfDescribingJson object at 0x000002681D58CC90>, <snowplow_tracker.self_describing_json.SelfDescribingJson object at 0x000002681D7AEF50>]}
[0m13:25:02.151050 [debug] [MainThread]: Flushing usage events
[0m13:25:04.990542 [debug] [MainThread]: An error was encountered while trying to flush usage events
[0m13:25:37.936605 [debug] [MainThread]: Sending event: {'category': 'dbt', 'action': 'invocation', 'label': 'start', 'context': [<snowplow_tracker.self_describing_json.SelfDescribingJson object at 0x000002124FF125D0>, <snowplow_tracker.self_describing_json.SelfDescribingJson object at 0x0000021255242990>, <snowplow_tracker.self_describing_json.SelfDescribingJson object at 0x0000021255242710>]}


============================== 13:25:37.954712 | d97089af-6517-4d04-ac56-e9e62487853d ==============================
[0m13:25:37.954712 [info ] [MainThread]: Running with dbt=1.10.11
[0m13:25:37.954712 [debug] [MainThread]: running dbt with arguments {'partial_parse': 'True', 'warn_error_options': 'WarnErrorOptionsV2(error=[], warn=[], silence=[])', 'send_anonymous_usage_stats': 'True', 'warn_error': 'None', 'cache_selected_only': 'False', 'target_path': 'None', 'use_colors': 'True', 'invocation_command': 'dbt debug', 'log_format': 'default', 'version_check': 'True', 'introspect': 'True', 'debug': 'False', 'log_cache_events': 'False', 'fail_fast': 'False', 'no_print': 'None', 'use_experimental_parser': 'False', 'quiet': 'False', 'empty': 'None', 'printer_width': '80', 'log_path': 'logs', 'indirect_selection': 'eager', 'profiles_dir': 'C:\\Users\\mrice\\.dbt', 'static_parser': 'True', 'write_json': 'True'}
[0m13:25:38.075196 [info ] [MainThread]: dbt version: 1.10.11
[0m13:25:38.075196 [info ] [MainThread]: python version: 3.11.9
[0m13:25:38.079695 [info ] [MainThread]: python path: C:\Users\mrice\OneDrive\Documents\Data Science - Callum\Projects\Data Projects\pga_data_elt_pipeline\venv\Scripts\python.exe
[0m13:25:38.082801 [info ] [MainThread]: os info: Windows-10-10.0.26100-SP0
[0m13:25:44.123356 [info ] [MainThread]: Using profiles dir at C:\Users\mrice\.dbt
[0m13:25:44.123356 [info ] [MainThread]: Using profiles.yml file at C:\Users\mrice\.dbt\profiles.yml
[0m13:25:44.131669 [info ] [MainThread]: Using dbt_project.yml file at C:\Users\mrice\OneDrive\Documents\Data Science - Callum\Projects\Data Projects\pga_data_elt_pipeline\dbt_project.yml
[0m13:25:44.131669 [info ] [MainThread]: adapter type: bigquery
[0m13:25:44.134455 [info ] [MainThread]: adapter version: 1.10.2
[0m13:25:44.138225 [info ] [MainThread]: Configuration:
[0m13:25:44.141987 [info ] [MainThread]:   profiles.yml file [[32mOK found and valid[0m]
[0m13:25:44.145461 [info ] [MainThread]:   dbt_project.yml file [[31mERROR not found[0m]
[0m13:25:44.150128 [info ] [MainThread]: Required dependencies:
[0m13:25:44.152683 [debug] [MainThread]: Executing "git --help"
[0m13:25:44.309510 [debug] [MainThread]: STDOUT: "b"usage: git [-v | --version] [-h | --help] [-C <path>] [-c <name>=<value>]\n           [--exec-path[=<path>]] [--html-path] [--man-path] [--info-path]\n           [-p | --paginate | -P | --no-pager] [--no-replace-objects] [--no-lazy-fetch]\n           [--no-optional-locks] [--no-advice] [--bare] [--git-dir=<path>]\n           [--work-tree=<path>] [--namespace=<name>] [--config-env=<name>=<envvar>]\n           <command> [<args>]\n\nThese are common Git commands used in various situations:\n\nstart a working area (see also: git help tutorial)\n   clone      Clone a repository into a new directory\n   init       Create an empty Git repository or reinitialize an existing one\n\nwork on the current change (see also: git help everyday)\n   add        Add file contents to the index\n   mv         Move or rename a file, a directory, or a symlink\n   restore    Restore working tree files\n   rm         Remove files from the working tree and from the index\n\nexamine the history and state (see also: git help revisions)\n   bisect     Use binary search to find the commit that introduced a bug\n   diff       Show changes between commits, commit and working tree, etc\n   grep       Print lines matching a pattern\n   log        Show commit logs\n   show       Show various types of objects\n   status     Show the working tree status\n\ngrow, mark and tweak your common history\n   backfill   Download missing objects in a partial clone\n   branch     List, create, or delete branches\n   commit     Record changes to the repository\n   merge      Join two or more development histories together\n   rebase     Reapply commits on top of another base tip\n   reset      Reset current HEAD to the specified state\n   switch     Switch branches\n   tag        Create, list, delete or verify a tag object signed with GPG\n\ncollaborate (see also: git help workflows)\n   fetch      Download objects and refs from another repository\n   pull       Fetch from and integrate with another repository or a local branch\n   push       Update remote refs along with associated objects\n\n'git help -a' and 'git help -g' list available subcommands and some\nconcept guides. See 'git help <command>' or 'git help <concept>'\nto read about a specific subcommand or concept.\nSee 'git help git' for an overview of the system.\n""
[0m13:25:44.313360 [debug] [MainThread]: STDERR: "b''"
[0m13:25:44.314636 [info ] [MainThread]:  - git [[32mOK found[0m]

[0m13:25:44.319094 [info ] [MainThread]: Connection:
[0m13:25:44.321355 [info ] [MainThread]:   method: service-account
[0m13:25:44.324573 [info ] [MainThread]:   database: pga-data-pipeline
[0m13:25:44.324573 [info ] [MainThread]:   execution_project: pga-data-pipeline
[0m13:25:44.329941 [info ] [MainThread]:   schema: pga-data-pipeline.pga_dataset
[0m13:25:44.333602 [info ] [MainThread]:   location: EU
[0m13:25:44.335908 [info ] [MainThread]:   priority: interactive
[0m13:25:44.338980 [info ] [MainThread]:   maximum_bytes_billed: None
[0m13:25:44.344455 [info ] [MainThread]:   impersonate_service_account: None
[0m13:25:44.347540 [info ] [MainThread]:   job_retry_deadline_seconds: None
[0m13:25:44.349554 [info ] [MainThread]:   job_retries: 1
[0m13:25:44.355430 [info ] [MainThread]:   job_creation_timeout_seconds: None
[0m13:25:44.358049 [info ] [MainThread]:   job_execution_timeout_seconds: 300
[0m13:25:44.362714 [info ] [MainThread]:   timeout_seconds: 300
[0m13:25:44.365934 [info ] [MainThread]:   client_id: None
[0m13:25:44.369254 [info ] [MainThread]:   token_uri: None
[0m13:25:44.373470 [info ] [MainThread]:   compute_region: None
[0m13:25:44.378179 [info ] [MainThread]:   dataproc_cluster_name: None
[0m13:25:44.381214 [info ] [MainThread]:   gcs_bucket: None
[0m13:25:44.384903 [info ] [MainThread]:   dataproc_batch: None
[0m13:25:44.390772 [info ] [MainThread]: Registered adapter: bigquery=1.10.2
[0m13:25:47.540440 [debug] [MainThread]: Acquiring new bigquery connection 'debug'
[0m13:25:47.540440 [debug] [MainThread]: On debug: select 1 as id
[0m13:25:47.540440 [debug] [MainThread]: Opening a new connection, currently in state init
[0m13:25:47.540440 [debug] [MainThread]: BigQuery adapter: Got an error when attempting to create a bigquery " "client: '[Errno 22] Invalid argument: '"C:\\Users\\mrice\\OneDrive\\Documents\\Data Science - Callum\\pga-data-pipeline-745b53073d27.json"''
[0m13:25:47.540440 [debug] [MainThread]: BigQuery adapter: Unhandled error while running:
select 1 as id
[0m13:25:47.551565 [debug] [MainThread]: BigQuery adapter: Database Error
  [Errno 22] Invalid argument: '"C:\\Users\\mrice\\OneDrive\\Documents\\Data Science - Callum\\pga-data-pipeline-745b53073d27.json"'
[0m13:25:47.553908 [info ] [MainThread]:   Connection test: [[31mERROR[0m]

[0m13:25:47.557943 [info ] [MainThread]: [31m2 checks failed:[0m
[0m13:25:47.558957 [info ] [MainThread]: Project loading failed for the following reason:
 project path <C:\Users\mrice\OneDrive\Documents\Data Science - Callum\Projects\Data Projects\pga_data_elt_pipeline\dbt_project.yml> not found

[0m13:25:47.560974 [info ] [MainThread]: dbt was unable to connect to the specified database.
The database returned the following error:

  >'NoneType' object has no attribute 'close'

Check your database credentials and try again. For more information, visit:
https://docs.getdbt.com/docs/configure-your-profile


[0m13:25:47.567678 [debug] [MainThread]: Command `dbt debug` failed at 13:25:47.567678 after 9.85 seconds
[0m13:25:47.569175 [debug] [MainThread]: Sending event: {'category': 'dbt', 'action': 'invocation', 'label': 'end', 'context': [<snowplow_tracker.self_describing_json.SelfDescribingJson object at 0x000002125525BD90>, <snowplow_tracker.self_describing_json.SelfDescribingJson object at 0x000002125525B590>, <snowplow_tracker.self_describing_json.SelfDescribingJson object at 0x000002125525BED0>]}
[0m13:25:47.572046 [debug] [MainThread]: Flushing usage events
[0m13:25:49.769026 [debug] [MainThread]: An error was encountered while trying to flush usage events
